[    0.000000] Initializing cgroup subsys cpuset
[    0.000000] Initializing cgroup subsys cpu
[    0.000000] Initializing cgroup subsys cpuacct
[    0.000000] Linux version 4.4.0-131-generic (buildd@lgw01-amd64-025) (gcc version 5.4.0 20160609 (Ubuntu 5.4.0-6ubuntu1~16.04.10) ) #157-Ubuntu SMP Thu Jul 12 15:49:15 UTC 2018 (Ubuntu 4.4.0-131.157-generic 4.4.134)
[    0.000000] KERNEL supported cpus:
[    0.000000]   Intel GenuineIntel
[    0.000000]   AMD AuthenticAMD
[    0.000000]   NSC Geode by NSC
[    0.000000]   Cyrix CyrixInstead
[    0.000000]   Centaur CentaurHauls
[    0.000000]   Transmeta GenuineTMx86
[    0.000000]   Transmeta TransmetaCPU
[    0.000000]   UMC UMC UMC UMC
[    0.000000] x86/fpu: xstate_offset[2]:  576, xstate_sizes[2]:  256
[    0.000000] x86/fpu: Supporting XSAVE feature 0x01: 'x87 floating point registers'
[    0.000000] x86/fpu: Supporting XSAVE feature 0x02: 'SSE registers'
[    0.000000] x86/fpu: Supporting XSAVE feature 0x04: 'AVX registers'
[    0.000000] x86/fpu: Enabled xstate features 0x7, context size is 832 bytes, using 'standard' format.
[    0.000000] x86/fpu: Using 'eager' FPU context switches.
[    0.000000] e820: BIOS-provided physical RAM map:
[    0.000000] BIOS-e820: [mem 0x0000000000000000-0x000000000009fbff] usable
[    0.000000] BIOS-e820: [mem 0x000000000009fc00-0x000000000009ffff] reserved
[    0.000000] BIOS-e820: [mem 0x00000000000f0000-0x00000000000fffff] reserved
[    0.000000] BIOS-e820: [mem 0x0000000000100000-0x000000003ffeffff] usable
[    0.000000] BIOS-e820: [mem 0x000000003fff0000-0x000000003fffffff] ACPI data
[    0.000000] BIOS-e820: [mem 0x00000000fec00000-0x00000000fec00fff] reserved
[    0.000000] BIOS-e820: [mem 0x00000000fee00000-0x00000000fee00fff] reserved
[    0.000000] BIOS-e820: [mem 0x00000000fffc0000-0x00000000ffffffff] reserved
[    0.000000] NX (Execute Disable) protection: active
[    0.000000] SMBIOS 2.5 present.
[    0.000000] Hypervisor detected: KVM
[    0.000000] e820: last_pfn = 0x3fff0 max_arch_pfn = 0x1000000
[    0.000000] MTRR: Disabled
[    0.000000] x86/PAT: MTRRs disabled, skipping PAT initialization too.
[    0.000000] CPU MTRRs all blank - virtualized system.
[    0.000000] x86/PAT: Configuration [0-7]: WB  WT  UC- UC  WB  WT  UC- UC  
[    0.000000] found SMP MP-table at [mem 0x0009fff0-0x0009ffff] mapped at [c009fff0]
[    0.000000] Scanning 1 areas for low memory corruption
[    0.000000] RAMDISK: [mem 0x363d8000-0x371e3fff]
[    0.000] ACPI: Early table checksum verification disabled
[    0.000000] ACPI: RSDP 0x00000000000E0000 000024 (v02 VBOX  )
[    0.000000] ACPI: XSDT 0x000000003FFF0030 00003C (v01 VBOX   VBOXXSDT 00000001 ASL  00000061)
[    0.000000] ACPI: FACP 0x000000003FFF00F0 0000F4 (v04 VBOX   VBOXFACP 00000001 ASL  00000061)
[    0.000000] ACPI: DSDT 0x000000003FFF0470 0021FF (v02 VBOX   VBOXBIOS 00000002 INTL 20100528)
[    0.000000] ACPI: FACS 0x000000003FFF0200 000040
[    0.000000] ACPI: FACS 0x000000003FFF0200 000040
[    0.000000] ACPI: APIC 0x000000003FFF0240 00005C (v02 VBOX   VBOXAPIC 00000001 ASL  00000061)
[    0.000000] ACPI: SSDT 0x000000003FFF02A0 0001CC (v01 VBOX   VBOXCPUT 00000002 INTL 20100528)
[    0.000000] 131MB HIGHMEM available.
[    0.000000] 891MB LOWMEM available.
[    0.000000]   mapped low ram: 0 - 37bfe000
[    0.000000]   low ram: 0 - 37bfe000
[    0.000000] kvm-clock: Using msrs 4b564d01 and 4b564d00
[    0.000000] kvm-clock: cpu 0, msr 0:37bfd001, primary cpu clock
[    0.000000] kvm-clock: using sched offset of 8020592764 cycles
[    0.000000] clocksource: kvm-clock: mask: 0xffffffffffffffff max_cycles: 0x1cd42e4dffb, max_idle_ns: 881590591483 ns
[    0.000000] Zone ranges:
[    0.000000]   DMA      [mem 0x0000000000001000-0x0000000000ffffff]
[    0.000000]   Normal   [mem 0x0000000001000000-0x0000000037bfdfff]
[    0.000000]   HighMem  [mem 0x0000000037bfe000-0x000000003ffeffff]
[    0.000000] Movable zone start for each node
[    0.000000] Early memory node ranges
[    0.000000]   node   0: [mem 0x0000000000001000-0x000000000009efff]
[    0.000000]   node   0: [mem 0x0000000000100000-0x000000003ffeffff]
[    0.000000] Initmem setup node 0 [mem 0x0000000000001000-0x000000003ffeffff]
[    0.000000] Using APIC driver default
[    0.000000] ACPI: PM-Timer IO Port: 0x4008
[    0.000000] IOAPIC[0]: apic_id 2, version 32, address 0xfec00000, GSI 0-23
[    0.000000] ACPI: INT_SRC_OVR (bus 0 bus_irq 0 global_irq 2 dfl dfl)
[    0.000000] ACPI: INT_SRC_OVR (bus 0 bus_irq 9 global_irq 9 low level)
[    0.000000] Using ACPI (MADT) for SMP configuratio information
[    0.000000] smpboot: Allowing 2 CPUs, 0 hotplug CPUs
[    0.000000] PM: Registered nosave memory: [mem 0x00000000-0x00000fff]
[    0.000000] PM: Registered nosave memory: [mem 0x0009f000-0x0009ffff]
[    0.000000] PM: Registered nosave memory: [mem 0x000a0000-0x000effff]
[    0.000000] PM: Registered nosave memory: [mem 0x000f0000-0x000fffff]
[    0.000000] e820: [mem 0x40000000-0xfebfffff] available for PCI devices
[    0.000000] Booting paravirtualized kernel on KVM
[    0.000000] clocksource: refined-jiffies: mask: 0xffffffff max_cycles: 0xffffffff, max_idle_ns: 7645519600211568 ns
[    0.000000] setup_percpu: NR_CPUS:8 nr_cpumask_bits:8 nr_cpu_ids:2 nr_node_ids:1
[    0.000000] PERCPU: Embedded 19 pages/cpu @f63a4000 s47436 r0 d30388 u77824
[    0.000000] PV qspinlock hash table entries: 512 (order: 0, 4096 bytes)
[    0.000000] Built 1 zonelists in Zone order, mobility grouping on.  Total pages: 259800
[    0.000000] Kernel command line: BOOT_IMAGE=/boot/vmlinuz-4.4.0-131-generic root=LABEL=cloudimg-rootfs ro console=tty1 console=ttyS0
[    0.000000] PID hash table entries: 4096 (order: 2, 16384 bytes)
[    0.000000] Dentry cache hash table entries: 131072 (order: 7, 524288 bytes)
[    0.000000] Inode-cache hash table entries: 65536 (order: 6, 262144 bytes)
[    0.000000] Initializing CPU#0
[    0.000000] Initializing HighMem for node 0 (00037bfe:0003fff0)
[    0.000000] Initializing Movable for node 0 (00000000:00000000)
[    0.000000] Memory: 1008444K/1048120K available (8026K kernel code, 782K rwdata, 3176K rodata, 952K init, 800K bss, 39676K reserved, 0K cma-reserved, 135112K highmem)
[    0.000000] virtual kernel memory layout:
[    0.000000]     fixmap  : 0xfff15000 - 0xfffff000   ( 936 kB)
[    0.000000]     pkmap   : 0xffc00000 - 0xffe00000   (2048 kB)
[    0.000000]     vmalloc : 0xf83fe000 - 0xffbfe000   ( 120 MB)
[    0.000000]     lowmem  : 0xc0000000 - 0xf7bfe000   ( 891 MB)
[    0.000000]       .init : 0xc1bb8000 - 0xc1ca6000   ( 952 kB)
[    0.000000]       .data : 0xc17d6cd8 - 0xc1bb6980   (3967 kB)
[    0.000000]       .text : 0xc1000000 - 0xc17d6cd8   (8027 kB)
[    0.000000] Checking if this processor honours the WP bit even in supervisor mode...Ok.
[    0.000000] SLUB: HWalign=64, Order=0-3, MinObjects=0, CPUs=2, Nodes=1
[    0.000000] Hierarchical RCU implementation.
[    0.000000] 	Build-time adjustment of leaf fanout to 32.
[    0.000000] 	RCU restricting CPUs from NR_CPUS=8 to nr_cpu_ids=2.
[  000000] RCU: Adjusting geometry for rcu_fanout_leaf=32, nr_cpu_ids=2
[    0.000000] NR_IRQS:2304 nr_irqs:440 16
[    0.000000] Console: colour VGA+ 80x25
[    0.000000] console [tty1] enabled
[    0.000000] console [ttyS0] enabled
[    0.000000] allocated 1048576 bytes of page_ext
[    0.000000] tsc: Detected 2593.994 MHz processor
[    0.542312] Calibrating delay loop (skipped) preset value.. 5187.98 BogoMIPS (lpj=10375976)
[    0.544438] pid_max: default: 32768 minimum: 301
[    0.545281] ACPI: Core revision 20150930
[   0.547153] ACPI: 2 ACPI AML tables successfully acquired and loaded
[    0.561601] Security Framework initialized
[    0.562402] Yama: becoming mindful.
[    0.563025] AppArmor: AppArmor initialized
[    0.563731] Mount-cache hash table entries: 2048 (order: 1, 8192 bytes)
[    0.564674] Mountpoint-cache hash table entries: 2048 (order: 1, 8192 bytes)
[    0.566592] Initializing cgroup subsys io
[    0.568237] Initializing cgoup subsys memory
[    0.594188] Initializing cgroup subsys devices
[    0.595038] Initializing cgroup subsys freezer
[    0.595807] Initializing cgroup subsys net_cls
[    0.596580] Initializing cgroup subsys perf_event
[    0.597437] Initializing cgroup subsys net_prio
[    0.598199] Initializing cgroup subsys hugetlb
[    0.598971] Initializing cgroup subsys pids
[    0.599799] CPU: Physical Processor ID: 0
[    0.600816] CPU: Processor Core ID: 0
[    0.604507] mce: CPU supports 0 MCE banks
[    0.605279] Last level iTLB entries: 4KB 1024, 2MB 1024, 4MB 1024
[    0.606184] Last level dTLB entries: 4KB 1024, 2MB 1024, 4MB 1024, 1GB 4
[    0.607142] Spectre V2 : Mitigation: Full generic retpoline
[    0.607981] Spectre V2 : Speculation control IBPB not-supported IBRS not-supported
[    0.609168] Spectre V2 : Filling RSB on context switch
[    0.610406] Speculative Store Bypass: Vulnerable
[    0.614321] Freeing SMP alternatives memory: 32K
[    0.629257] ftrace: allocating 31517 entries in 62 pages
[    0.681886] smpboot: APIC(0) Converting physical 0 to logical package 0
[    0.682945] smpboot: Max logical packages: 1
[    0.694297] Enabling APIC mode:  Flat.  Using 1 I/O APICs
[    0.696267] ..TIMER: vector=0x30 apic1=0 pin1=2 apic2=-1 pin2=-1
[    0.805601] smpboot: CPU0: Intel(R) Core(TM) i7-4510U CPU @ 2.00GHz (family: 0x6, model: 0x45, stepping: 0x1)
[    0.813053] Performance Events: unsupported p6 CPU model 69 no PMU driver, software events only.
[    0.820088] KVM setup paravirtual spinlock
[    0.821515] x86: Booting SMP configuration:
[    0.822287] .... node  #0, CPUs:      #1
[1266874881.688958] Initializing CPU#1
[    0.823440] kvm-clock: cpu 1, msr 0:37bfd041, secondary cpu clock
[    0.825996] mce: CPU supports 0 MCE banks
[    0.840355] x86: Booted up 1 node, 2 CPUs
[    0.841291] smpboot: Total of 2 processors activated (10375.97 BogoMIPS)
[    0.857985] devtmpfs: initialized
[    0.858897] evm: security.selinux
[    0.864858] evm: security.SMACK64
[    0.865473] evm: security.SMACK64EXEC
[    0.866149] evm: security.SMACK64TRANSMUTE
[    0.868555] evm: security.SMACK64MMAP
[    0.869197] evm: security.ima
[    0.869774] evm: security.capability
[    0.870698] clocksource: jiffies: mask: 0xffffffff max_cycles: 0xffffffff, max_idle_ns: 7645041785100000 ns
[    0.872203] futex hash table entries: 512 (order: 3, 32768 bytes)
[    0.873282] pinctrl core: initialized pinctrl subsystem
[    0.874238] RTC time: 19:30:10, date: 08/15/18
[    0.875128] NET: Registered protocol family 16
[    0.881389] EISA bus registered
[    0.893776] cpuidle: using governor ladder
[    0.905922] cpuidle: using governor menu
[    0.913223] PCCT header not found.
[    0.914051] ACPI: bus type PCI registered
[    0.914777] acpiphp: ACPI Hot Plug PCI Controller Driver version: 0.5
[    0.921416] PCI : PCI BIOS area is rw and x. Use pci=nobios if you want it NX.
[    0.925405] PCI: PCI BIOS revision 2.10 entry at 0xfda26, last bus=0
[    0.931831] PCI: Using configuration type 1 for base access
[    0.946720] ACPI: Added _OSI(Module Device)
[    0.947801] ACPI: Added _OSI(Processor Device)
[    0.948941] ACPI: Added _OSI(3.0 _SCP Extensions)
[    0.950086] ACPI: Added _OSI(Processor Aggregator Device)
[    0.952306] ACPI: Executed 1 blocks of module-level executable AML code
[    0.956781] ACPI: Interpreter enabled
[    0.957482] ACPI: (supports S0 S5)
[    0.968761] ACPI: Using IOAPIC for interrupt routing
[    0.969775] PCI: Using host bridge windows from ACPI; if necessary, use "pci=nocrs" and report a bug
[    0.974928] ACPI: PCI Root Bridge [PCI0] (domain 0000 [bus 00-ff])
[    0.980948] acpi PNP0A03:00: _OSC: OS supports [ASPM ClockPM Segments MSI]
[    0.988722] acpi PNP0A03:00: _OSC: not requesting OS control; OS requires [ExtendedConfig ASPM ClockPM MSI]
[    0.990230] acpi PNP0A03:00: fail to add MMCONFIG information, can't access extended PCI configuration space under this bridge.
[    0.998844] PCI host bridge to bus 0000:00
[    0.999687] pci_bus 0000:00: root bus resource [io  0x0000-0x0cf7 window]
[    1.000978] pci_bus 0000:00: root bus resource [io  0x0d00-0xffff window]
[    1.014010] pci_bus 0000:00: root bus resource [mem 0x000a0000-0x000bffff window]
[    1.017303] pci_bus 0000:00: root bus resource [mem 0x40000000-0xfdffffff window]
[    1.018551] pci_bus 0000:00: root bus resource [bus 00-ff]
[    1.028528] pci 0000:00:01.1: legacy IDE quirk: reg 0x10: [io  0x01f0-0x01f7]
[    1.029780] pci 0000:00:01.1: legacy IDE quirk: reg 0x14: [io  0x03f6]
[    1.036333] pci 0000:00:01.1: legacy IDE quirk: reg 0x18: [io  0x0170-0x0177]
[    1.039013] pci 0000:00:01.1: legacy IDE quirk: reg 0x1c: [io  0x0376]
[    1.060957] pci 0000:00:07.0: quirk: [io  0x4000-0x403f] claimed by PIIX4 ACPI
[    1.062266] pci 0000:00:07.0: quirk: [io  0x4100-0x410f] claimed by PIIX4 SMB
[    1.070510] ACPI: PCI Interrupt Link [LNKA] (IRQs 5 9 10 *11)
[    1.072000] ACPI: PCI Interrupt Link [LNKB] (IRQs 5 9 *10 11)
[    1.073370] ACPI: PCI Interrupt Link [LNKC] (IRQs 5 *9 10 11)
[    1.074717] ACPI: PCI Interrupt Link [LNKD] (IRQs 5 9 10 *11)
[    1.082563] ACPI: Enabled 2 GPEs in block 00 to 07
[    1.084984] vgaarb: setting as boot device: PCI:0000:00:02.0
[    1.085947] vgaarb: device added: PCI:0000:00:02.0,decodes=io+mem,owns=io+mem,locks=none
[    1.087317] vgaarb: loaded
[    1.087885] vgaarb: bridge control possible 0000:00:02.0
[    1.089138] SCSI subsystem initialized
[    1.090017] ACPI: bus type USB registered
[    1.090739] usbcore: registered new interface driver usbfs
[    1.100580] usbcore: registered new interface driver hub
[    1.101571] usbcore: registered new device driver usb
[    1.102734] PCI: Using ACPI for IRQ routing
[    1.103684] NetLabel: Initializing
[    1.104312] NetLabel:  domain hash size = 128
[    1.105026] NetLabel:  protocols = UNLABELED CIPSOv4
[    1.105832] NetLabel:  unlabeled traffic allowed by default
[    1.106863] amd_nb: Cannot enumerate AMD northbridges
[    1.108032] clocksource: Switched to clocksource kvm-clock
[    1.121416] AppArmor: AppArmor Filesystem Enabled
[    1.122305] pnp: PnP ACPI init
[    1.123540] pnp: PnP ACPI: found 3 devices
[   1.24321] PnPBIOS: Disabled by ACPI PNP

[   1.223008] clocksource: acpi_pm: mask: 0xffffff max_cycles: 0xffffff, max_idle_ns: 2085701024 ns
[    1.250728] NET: Registered protocol family 2

[    1.252483] TCP established hash table entries: 8192 (order: 3, 32768 bytes)
[    1.269362] TCP bind hash table entries: 8192 (order: 4, 65536 bytes)
[    1.270492] TCP: Hash tables configured (established 8192 bind 8192)
[    1.271467] UDP hash table entries: 512 (order: 2, 16384 bytes)
[    1.272359] UDP-Lite hash table entries: 512 (order: 2, 16384 bytes)
[    1.273916]ET:Registered protocol family 1
[    1.348263] pci 0000:00:00.0: Limiting direct PCI/PCI transfers
[    1.349273] pci 0000:00:01.0: Activating ISA DMA hang workarounds
[    1.350901] Unpacking initramfs...

[    1.589386] Freeing initrd memory: 14384K
[    1.590292] RAPL PMU detected, API unit is 2^-32 Joules, 4 fixed counters 10737418240 ms ovfl timer
[    1.592229] hw unit of domain pp0-core 2^-0 Joules
[    1.593224] hw unit of domain package 2^-0 Joules
[    1.594024] hw unit of domain dram 2^-0 Joules
[    1.594788] hw unit of domain pp1-gpu 2^-0 Joules
[    1.595640] platform rtc_cmos: registered platform RTC device (no PNP device found)
[    1.597118] Scanning for low memory corruption every 60 seconds
[    1.598483] audit: initializing netlink subsys (disabled)
[    1.599382] audit: type=2000 audit(1534361420.027:1): initialized
[    1.600649] Initialise system trusted keyring
[    1.601881] HugeTLB registered 2 MB page size, pre-allocated 0 pages
[    1.604314] zbud: loaded
[    1.605131] VFS: Disk quotas dquot_6.6.0
[    1.605936] VFS: Dquot-cache hash table entries: 1024 (order 0, 4096 bytes)
[    1.641422] squashfs: version 4.0 (2009/01/31) Phillip Lougher
[    1.659699] fuse init (API version 7.23)
[    1.679108] Key type big_key registered
[    1.680011] Allocating IMA MOK and blacklist keyrings.
[    1.683174] Key type asymmetric registered
[    1.684051] Asymmetric key parser 'x509' registered
[    1.709216] bounce: pool size: 64 pages
[    1.710172] Block layer SCSI generic (bsg) driver version 0.4 loaded (major 249)
[    1.711878] io scheduler noop registered
[    1.712668] io scheduler deadline registered (default)
[    1.713680] io scheduler cfq registered
[    1.714466] pci_hotplug: PCI Hot Plug PCI Core version: 0.5
[    1.715361] pciehp: PCI Express Hot Plug Controller Driver version: 0.4
[    1.716555] ACPI: AC Adapter [AC] (on-line)
[    1.717357] input: Power Button as /devices/LNXSYSTM:00/LNXPWRBN:00/input/input0
[    1.718635] ACPI: Power Button [PWRF]
[    1.719343] input: Sleep Button as /devices/LNXSYSTM:00/LNXSLPBN:00/input/input1
[    1.749771] ACPI: Sleep Button [SLPF]
[    1.751178] ACPI: Battery Slot [BAT0] (battery present)
[    1.752105] GHES: HEST is not enabled!
[    1.752880] isapnp: Scanning for PnP cards...
[    1.759339] Serial: 8250/16550 driver, 32 ports, IRQ sharing enabled
[    1.782401] 00:02: ttyS0 at I/O 0x3f8 (irq = 4, base_baud = 115200) is a 16550A
[    1.786217] Linux agpgart interface v0.103
[    1.789202] loop: module loaded
[    1.790891] scsi host0: ata_piix
[    1.792177] scsi host1: ata_piix
[    1.807612] ata1: PATA max UDMA/33 cmd 0x1f0 ctl 0x3f6 bmdma 0xd000 irq 14
[    1.814509] ata2: PATA max UDMA/33 cmd 0x170 ctl 0x376 bmdma 0xd008 irq 15
[    1.824466] libphy: Fixed MDIO Bus: probed
[    1.899261] tun: Universal TUN/TAP device driver, 1.6
[    1.928920] tun: (C) 1999-2004 Max Krasnyansky <maxk@qualcomm.com>
[    1.929981] PPP generic driver version 2.4.2
[    1.930786] ehci_hcd: USB 2.0 'Enhanced' Host Controller (EHCI) Driver
[    1.972851] ehci-pci: EHCI PCI platform driver
[    1.973750] ehci-platform: EHCI generic platform driver
[    1.984973] ohci_hcd: USB 1.1 'Open' Host Controller (OHCI) Driver
[    1.986065] ohci-pci: OHCI PCI platform driver
[    1.986917] ohci-platform: OHCI generic platform driver
[    1.987878] uhci_hcd: USB Universal Host Controller Interface driver
[    1.989093] i8042: PNP: PS/2 Controller [PNP0303:PS2K,PNP0f03:PS2M] at 0x60,0x64 irq 1,12
[    1.991305] serio: i8042 KBD port at 0x60,0x64 irq 1
[    1.997666] serio: i8042 AUX port at 0x60,0x64 irq 12
[    1.998753] mousedev: PS/2 mouse device common for all mice
[    2.000609] rtc_cmos rtc_cmos: rtc core: registered rtc_cmos as rtc0
[    2.007170] input: AT Translated Set 2 keyboard as /devices/platform/i8042/serio0/input/input2
[    2.014187] rtc_cmos rtc_cmos: alarms up to one day, 114 bytes nvram
[    2.015293] i2c /dev entries driver
[    2.016085] device-mapper: uevent: version 1.0.3
[    2.017206] device-mapper: ioctl: 4.34.0-ioctl (2015-10-28) initialised: dm-devel@redhat.com
[    2.018791] platform eisa.0: Probing EISA bus 0
[    2.019633] platform eisa.0: EISA: Cannot allocate resource for mainboard
[    2.020807] platform eisa.0: Cannot allocate resource for EISA slot 1
[    2.021913] platform eisa.0: Cannot allocate resource for EISA slot 2
[    2.023050] platform eisa.0: Cannot allocate resource for EISA slot 3
[    2.030147] platform eisa.0: Cannot allocate resource for EISA slot 4
[    2.031100] platform eisa.0: Cannot allocate resource for EISA slot 5
[    2.032036] platform eisa.0: Cannot allocate resource for EISA slot 6
[    2.033101] platform eisa.0: Cannot allocate resource for EISA slot 7
[    2.039736] platform eisa.0: Cannot allocate resource for EISA slot 8
[    2.046124] platform eisa.0: EISA: Detected 0 cards
[    2.052743] cpufreq-nforce2: No nForce2 chipset.
[    2.053651] ledtrig-cpu: registered to indicate activity on CPUs
[    2.054968] NET: Registered protocol family 10
[    2.056031] NET: Registered protocol family 17
[    2.057011] Key type dns_resolver registered
[    2.058104] Using IPI No-Shortcut mode
[    2.064762] registered taskstats version 1
[    2.065668] Loading compiled-in X.509 certificates
[    2.091573] Loaded X.509 cert 'Build time autogenerated kernel key: d7884d74a27fcf03af65f518c6891246d9e5c24c'
[    2.095110] zswap: loaded using pool lzo/zbud
[    2.098223] Key type trusted registered
[    2.103049] Key type encrypted registered
[    2.104965] AppArmor: AppArmor sha1 policy hashing enabled
[    2.106253] ima: No TPM chip found, activating TPM-bypass!
[    2.116157] isapnp: No Plug & Play device found
[    2.122940] ima: Allocated hash algorithm: sha1
[    2.123895] evm: HMAC attrs: 0x1
[    2.125410]   Magic number: 14:632:546
[    2.126395] tty ttyS22: hash matches
[    2.127031] mem null: hash matches
[    2.127713] rtc_cmos rtc_cmos: setting system clock to 2018-08-15 19:30:12 UTC (1534361412)
[    2.134656] BIOS EDD facility v0.16 2004-Jun-25, 0 devices found
[    2.135634] EDD information not available.
[    2.136872] Freeing unused kernel memory: 952K
[    2.152333] Write protecting the kernel text: 8028k
[    2.592138] tsc: Refined TSC clocksource calibration: 2593.512 MHz
[    2.592141] clocksource: tsc: mask: 0xffffffffffffffff max_cycles: 0x25624b41d89, max_idle_ns: 440795337317 ns
[    2.599114] Write protecting the kernel read-only data: 3184k
[    2.599970] NX-protecting the kernel data: 6308k
Loading, please wait...
starting version[    2.622238] random: systemd-udevd: uninitialized urandom read (16 bytes read, 0 bits of entropy available)
 229
[    2.622790] random: udevadm: uninitialized urandom read (16 bytes read, 0 bits of entropy available)
[    2.635081] random: udevadm: uninitialized urandom read (16 bytes read, 0 bits of entropy available)
[    2.635160] random: udevadm: uninitialized urandom read (16 bytes read, 0 bits of entropy available)
[    2.635426] random: udevadm: uninitialized urandom read (16 bytes read, 0 bits of entropy available)
[    2.635514] random: udevadm: uninitialized urandom read (16 bytes read, 0 bits of entropy available)
[    2.635613] random: udevadm: uninitialized urandom read (16 bytes read, 0 bits of entropy available)
[    2.635704] random: udevadm: uninitialized urandom read (16 bytes read, 0 bits of entropy available)
[    2.635763] random: udevadm: uninitialized urandom read (16 bytes read, 0 bits of entropy available)
[    2.635815] random: udevadm: uninitialized urandom read (16 bytes read, 0 bits of entropy available)
[    2.730953] e1000: Intel(R) PRO/1000 Network Driver - version 7.3.21-k8-NAPI
[    2.735980] e1000: Copyright (c) 1999-2006 Intel Corporation.
[    2.737840] Fusion MPT base driver 3.04.20
[    2.738672] Copyright (c) 1999-2008 LSI Corporation
[    2.751349] Fusion MPT SPI Host driver 3.04.20
[    2.953166] input: ImExPS/2 Generic Explorer Mouse as /devices/platform/i8042/serio1/input/input4
[    3.115594] e1000 0000:00:03.0 eth0: (PCI:33MHz:32-bit) 02:cb:11:0f:8e:e8
[    3.134984] e1000 0000:00:03.0 eth0: Intel(R) PRO/1000 Network Connection
[    3.136831] mptbase: ioc0: Initiating bringup
[    3.137520] e1000 0000:00:03.0 enp0s3: renamed from eth0
[    3.211867] ioc0: LSI53C1030 A0: Capabilities={Initiator}
[    3.391330] scsi host2: ioc0: LSI53C1030 A0, FwRev=00000000h, Ports=1, MaxQ=256, IRQ=20
[    3.505000] scsi 2:0:0:0: Direct-Access     VBOX     HARDDISK         1.0  PQ: 0 ANSI: 5
[    3.511545] scsi target2:0:0: Beginning Domain Validation
[    3.515710] scsi target2:0:0: Domain Validation skipping write tests
[    3.517110] scsi target2:0:0: Ending Domain Validation
[    3.518144] scsi target2:0:0: asynchronous
[    3.519371] scsi 2:0:1:0: Direct-Access     VBOX     HARDDISK         1.0  PQ: 0 ANSI: 5
[    3.520692] scsi target2:0:1: Beginning Domain Validation
[    3.523086] scsi target2:0:1: Domain Validation skipping write tests
[    3.524611] scsi target2:0:1: Ending Domain Validation
[    3.526044] scsi target2:0:1: asynchronous
[    3.533163] sd 2:0:0:0: Attached scsi generic sg0 type 0
[    3.533394] sd 2:0:0:0: [sda] 20971520 512-byte logical blocks: (10.7 GB/10.0 GiB)
[    3.533532] sd 2:0:0:0: [sda] Write Protect is off
[    3.533643] sd 2:0:0:0: [sda] Incomplete mode parameter data
[    3.533645] sd 2:0:0:0: [sda] Assuming drive cache: write through
[    3.545743]  sda: sda1
[    3.546636] sd 2:0:0:0: [sda] Attached SCSI disk
[    3.553964] sd 2:0:1:0: [sdb] 20480 512-byte logical blocks: (10.5 MB/10.0 MiB)
[    3.555336] sd 2:0:1:0: [sdb] Write Protect is off
[    3.556554] sd 2:0:1:0: [sdb] Incomplete mode parameter data
[    3.568947] sd 2:0:1:0: [sdb] Assuming drive cache: write through
[    3.570029] sd 2:0:1:0: Attached scsi generic sg1 type 0
[    3.600718] sd 2:0:1:0: [sdb] Attached SCSI disk
Begin: Loading essential drivers ... [    4.960825] md: linear personality registered for level -1
[    4.980461] md: multipath personality registered for level -4
[    5.020890] md: raid0 personality registered for level 0
[    5.057556] md: raid1 personality registered for level 1
[    5.136106] raid6: mmxx1    gen()  4308 MB/s
[    5.212102] raid6: mmxx2    gen()  5181 MB/s
[    5.280076] raid6: sse1x1   gen()  4445 MB/s
[    5.348093] raid6: sse1x2   gen()  5507 MB/s
[    5.416094] raid6: sse2x1   gen()  8656 MB/s
[    5.492118] raid6: sse2x1   xor()  6750 MB/s
[    5.560078] raid6: sse2x2   gen() 11292 MB/s
[    5.628086] raid6: sse2x2   xor()  7314 MB/s
[    5.696068] raid6: avx2x1   gen() 16126 MB/s
[    5.768123] raid6: avx2x2   gen() 20640 MB/s
[    5.778888] raid6: using algorithm avx2x2 gen() 20640 MB/s
[    5.779857] raid6: using avx2x1 recovery algorithm
[    5.784242] xor: automatically using best checksumming function:
[    5.836493]    avx       : 59880.000 MB/sec
[    5.868656] async_tx: api initialized (async)
[    5.894050] md: raid6 personality registered for level 6
[    5.895245] md: raid5 personality registered for level 5
[    5.896229] md: raid4 personality registered for level 4
[    5.905736] md: raid10 personality registered for level 10
done.
Begin: Running /scripts/init-premount ... done.
Begin: Mounting root file system ... Begin: Running /scripts/local-top ... done.
Begin: Running /scripts/local-premount ... [    5.955956] Btrfs loaded
Scanning for Btrfs filesystems
done.
Warning: fsck no[    6.037286] EXT4-fs (sda1): INFO: recovery required on readonly filesystem
t present, so skipping root file system
[    6.058010] EXT4-fs (sda1): write access will be enabled during recovery
[    6.172177] EXT4-fs (sda1): orphan cleanup on readonly fs
[    6.198913] EXT4-fs (sda1): 5 orphan inodes deleted
[    6.218787] EXT4-fs (sda1): recovery complete
[    6.239715] EXT4-fs (sda1): mounted filesystem with ordered data mode. Opts: (null)
done.
Begin: Running /scripts/local-bottom ... done.
Begin: Running /scripts/init-bottom ... done.
[    6.773153] systemd[1]: systemd 229 running in system mode. (+PAM +AUDIT +SELINUX +IMA +APPARMOR +SMACK +SYSVINIT +UTMP +LIBCRYPTSETUP +GCRYPT +GNUTLS +ACL +XZ -LZ4 +SECCOMP +BLKID +ELFUTILS +KMOD -IDN)
[    6.778496] systemd[1]: Detected virtualization oracle.
[    6.779487] systemd[1]: Detected architecture x86.

Welcome to [1mUbuntu 16.04.5 LTS[0m!

[    6.833326] systemd[1]: Set hostname to <ubuntu-xenial>.
[    7.172203] random: nonblocking pool is initialized
[    7.368512] systemd[1]: Set up automount Arbitrary Executable File Formats File System Automount Point.
[[0;32m  OK  [0m] Set up automount Arbitrary Executab...ats File System Automount Point.
[    7.400079] systemd[1]: Listening on Journal Socket.
[[0;32m  OK  [0m] Listening on Journal Socket.
[    7.408156] systemd[1]: Listening on LVM2 poll daemon socket.
[[0;32m  OK  [0m] Listening on LVM2 poll daemon socket.
[    7.410008] systemd[1]: Listening on udev Kernel Socket.
[[0;32m  OK  [0m] Listening on udev Kernel Socket.
[    7.411949] systemd[1]: Created slice System Slice.
[[0;32m  OK  [0m] Created slice System Slice.
[    7.432391] systemd[1]: Starting Set console keymap...
         Starting Set console keymap...
[    7.446779] systemd[1]: Starting Nameserver information manager...
         Starting Nameserver information manager...
[    7.453670] systemd[1]: Created slice system-serial\x2dgetty.slice.
[[0;32m  OK  [0m] Created slice system-serial\x2dgetty.slice.
[    7.478859] systemd[1]: Mounting POSIX Message Queue File System...
         Mounting POSIX Message Queue File System...
[    7.492318] systemd[1]: Starting Uncomplicated firewall...
         Starting Uncomplicated firewall...
[    7.495560] systemd[1]: Starting Create list of required static device nodes for the current kernel...
         Starting Create list of required st... nodes for the current kernel...
[    7.498968] systemd[1]: Listening on Journal Audit Socket.
[[0;32m  OK  [0m] Listening on Journal Audit Socket.
[    7.506238] systemd[1]: Reached target Swap.
[[0;32m  OK  [0m] Reached target Swap.
[    7.508152] systemd[1]: Reached target Encrypted Volumes.
[[0;32m  OK  [0m] Reached target Encrypted Volumes.
[    7.518064] systemd[1]: Starting Load Kernel Modules...
         Starting Load Kernel Modules...
[    7.542491] systemd[1]: Listening on udev Control Socket.
[[0;32m  OK  [0m] Listening on udev Control Socket.
[    7.553960] Loading iSCSI transport class v2.0-870.
[    7.609156] systemd[1]: Mounting Huge Pages File System...
         Mounting Huge Pages File System...
[    7.611559] systemd[1]: Starting Remount Root and Kernel File Systems...
         Starting Remount Root and Kernel File Systems...
[    7.625520] systemd[1]: Listening on LVM2 metadata daemon socket.
[[0;32m  OK  [0m] Listening on LVM2 metadata daemon socket.
[    7.627465] systemd[1]: Reached target System Time Synchronized.
[[0;32m  OK  [0m] Reached target System Time Synchronized.
[    7.629778] systemd[1]: Created slice User and Session Slice.
[[0;32m  OK  [0m] Created slice User and Session Slice.
[    7.631647] systemd[1]: Reached target Slices.
[[0;32m  OK  [0m] Reached target Slices.
[    7.633871] systemd[1]: Listening on Device-mapper event daemon FIFOs.
[[0;32m  OK  [0m] Listening on Device-mapper event daemon FIFOs.
[    7.637416] systemd[1]: Starting Monitoring of LVM2 mirrors, snapshots etc. using dmeventd or progress polling...
         Starting Monitoring of LVM2 mirrors... dmeventd or progress polling...
[    7.703083] systemd[1]: Listening on /dev/initctl Compatibility Named Pipe.
[[0;32m  OK  [0m] Listening on /dev/initctl Compatibility Named Pipe.
[    7.724474] systemd[1]: Started Trigger resolvconf update for networkd DNS.
[[0;32m  OK  [0m] Started Trigger resolvconf update for networkd DNS.
[    7.760431] systemd[1]: Listening on Syslog Socket.
[[0;32m  OK  [0m] Listening on Syslog Socket.
[    7.762169] systemd[1]: Listening on Journal Socket (/dev/log).
[    7.763344] iscsi: registered transport (tcp)
[[0;32m  OK  [0m] Listening on Journal Socket (/dev/log).
[    7.765459] systemd[1]: Starting Journal Service...
         Starting Journal Service...
[    7.768617] systemd[1]: Mounting Debug File System...
         Mounting Debug File System...
[    7.791560] EXT4-fs (sda1): re-mounted. Opts: (null)
[    7.792599] systemd[1]: Reached target User and Group Name Lookups.
[[0;32m  OK  [0m] Reached target User and Group Name Lookups.
[    7.794675] systemd[1]: Started Forward Password Requests to Wall Directory Watch.
[[0;32m  OK  [0m] Started Forward Password Requests to Wall Directory Watch.
[    7.798465] systemd[1]: Mounted POSIX Message Queue File System.
[[0;32m  OK  [0m] Mounted POSIX Message Queue File System.
[    7.800752] systemd[1]: Mounted Huge Pages File System.
[[0;32m  OK  [0m] Mounted Huge Pages File System.
[    7.813116] systemd[1]: Mounted Debug File System.
[[0;32m  OK  [0m] Mounted Debug File System.
[    7.815307] systemd[1]: Started Set console keymap.
[[0;32m  OK  [0m] Started Set console keymap.
[    7.818321] systemd[1]: Started Uncomplicated firewall.
[[0;32m  OK  [0m] Started Uncomplicated firewall.
[    7.849226] systemd[1]: Started Create list of required static device nodes for the current kernel.
[[0;32m  OK  [0m] Started Create list of required sta...ce nodes for the current kernel.
[    7.875059] systemd[1]: Started Remount Root and Kernel File Systems.
[[0;32m  OK  [0m] Started Remount Root and Kernel File Systems.
[    7.890968] systemd[1]: Started Nameserver information manager.
[[0;32m  OK  [0m] Started Nameserver information manager.
[    7.986359] systemd[1]: Starting Load/Save Random Seed...
         Starting Load/Save Random Seed...
[    8.084326] systemd[1]: Starting udev Coldplug all Devices...
         Starting udev Coldplug all Devices...
[    8.140376] systemd[1]: Starting Create Static Device Nodes in /dev...
         Starting Create Static Device Nodes in /dev...
[    8.194550] iscsi: registered transport (iser)
[    8.196333] systemd[1]: Started Load Kernel Modules.
[[0;32m  OK  [0m] Started Load Kernel Modules.
[    8.246172] systemd[1]: Started LVM2 metadata daemon.
[[0;32m  OK  [0m] Started LVM2 metadata daemon.
[    8.263737] systemd[1]: Mounting FUSE Control File System...
         Mounting FUSE Control File System...
[    8.266840] systemd[1]: Starting Apply Kernel Variables...
         Starting Apply Kernel Variables...
[    8.293586] systemd[1]: Mounted FUSE Control File System.
[[0;32m  OK  [0m] Mounted FUSE Control File System.
[    8.357469] systemd[1]: Started Journal Service.
[[0;32m  OK  [0m] Started Journal Service.
[[0;32m  OK  [0m] Started Load/Save Random Seed.
[[0;32m  OK  [0m] Started udev Coldplug all Devices.
         Starting Flush Journal to Persistent Storage...
[    8.594803] systemd-journald[384]: Received request to flush runtime journal from PID 1
[[0;32m  OK  [0m] Started Flush Journal to Persistent Storage.
[[0;32m  OK  [0m] Started Apply Kernel Variables.
[[0;32m  OK  [0m] Started Create Static Device Nodes in /dev.
[[0;32m  OK  [0m] Started Monitoring of LVM2 mirrors,...ng dmeventd or progress polling.
         Starting udev Kernel Device Manager...
[[0;32m  OK  [0m] Started udev Kernel Device Manager.
[[0;32m  OK  [0m] Reached target Local File Systems (Pre).
[[0;32m  OK  [0m] Reached target Local File Systems.
         Starting Set console font and keymap...
         Starting Create Volatile Files and Directories...
         Starting LSB: AppArmor initialization...
         Starting Initial cloud-init job (pre-networking)...
         Starting Tell Plymouth To Write Out Runtime Data...
[[0;32m  OK  [0m] Started Dispatch Password Requests to Console Directory Watch.
[[0;32m  OK  [0m] Started Create Volatile Files and Directories.
         Starting Update UTMP about System Boot/Shutdown...
[[0;32m  OK  [0m] Found device /dev/ttyS0.
[[0;32m  OK  [0m] Started Tell Plymouth To Write Out Runtime Data.
[[0;32m  OK  [0m] Started Update UTMP about System Boot/Shutdown.
[[0;32m  OK  [0m] Listening on Load/Save RF Kill Switch Status /dev/rfkill Watch.
[[0;32m  OK  [0m] Started Set console font and keymap.
[[0;32m  OK  [0m] Created slice system-getty.slice.
[[0;32m  OK  [0m] Started LSB: AppArmor initialization.
[   17.757924] cloud-init[473]: Cloud-init v. 18.2 running 'init-local' at Wed, 15 Aug 2018 19:30:27 +0000. Up 16.46 seconds.
[[0;32m  OK  [0m] Started Initial cloud-init job (pre-networking).
[[0;32m  OK  [0m] Reached target Network (Pre).
[[0;32m  OK  [0m] Started ifup for enp0s3.
         Starting Raise network interfaces...
[[0;32m  OK  [0m] Started Raise network interfaces.
[[0;32m  OK  [0m] Reached target Network.
         Starting Initial cloud-init job (metadata service crawler)...
[   21.579384] cloud-init[946]: Cloud-init v. 18.2 running 'init' at Wed, 15 Aug 2018 19:30:30 +0000. Up 18.94 seconds.
[   21.589319] cloud-init[946]: ci-info: +++++++++++++++++++++++++++++++++++++Net device info++++++++++++++++++++++++++++++++++++++
[   21.632697] cloud-init[946]: ci-info: +--------+------+----------------------------+---------------+-------+-------------------+
[   21.632858] cloud-init[946]: ci-info: | Device |  Up  |          Address           |      Mask     | Scope |     Hw-Address    |
[   21.632999] cloud-init[946]: ci-info: +--------+------+----------------------------+---------------+-------+-------------------+
[   21.633135] cloud-init[946]: ci-info: | enp0s3 | True |         10.0.2.15          | 255.255.255.0 |   .   | 02:cb:11:0f:8e:e8 |
[   21.633279] cloud-init[946]: ci-info: | enp0s3 | True | fe80::cb:11ff:fe0f:8ee8/64 |       .       |  link | 02:cb:11:0f:8e:e8 |
[   21.633407] cloud-init[946]: ci-info: |   lo   | True |         127.0.0.1          |   255.0.0.0   |   .   |         .         |
[   21.633542] cloud-init[946]: ci-info: |   lo   | True |          ::1/128           |       .       |  host |         .         |
[   21.633678] cloud-init[946]: ci-info: +--------+------+----------------------------+---------------+-------+-------------------+
[   21.633815] cloud-init[946]: ci-info: +++++++++++++++++++++++++++Route IPv4 info++++++++++++++++++++++++++++
[   21.633961] cloud-init[946]: ci-info: +-------+-------------+----------+---------------+-----------+-------+
[   21.634097] cloud-init[946]: ci-info: | Route | Destination | Gateway  |    Genmask    | Interface | Flags |
[   21.634239] cloud-init[946]: ci-info: +-------+-------------+----------+---------------+-----------+-------+
[   21.634372] cloud-init[946]: ci-info: |   0   |   0.0.0.0   | 10.0.2.2 |    0.0.0.0    |   enp0s3  |   UG  |
[   21.634506] cloud-init[946]: ci-info: |   1   |   10.0.2.0  | 0.0.0.0  | 255.255.255.0 |   enp0s3  |   U   |
[   21.634642] cloud-init[946]: ci-info: +-------+-------------+----------+---------------+-----------+-------+
[[0;32m  OK  [0m] Started Initial cloud-init job (metadata service crawler).
[[0;32m  OK  [0m] Reached target Cloud-config availability.
[[0;32m  OK  [0m] Reached target System Initialization.
[[0;32m  OK  [0m] Listening on D-Bus System Message Bus Socket.
[[0;32m  OK  [0m] Listening on ACPID Listen Socket.
         Starting LXD - unix socket.
         Starting Socket activation for snappy daemon.
[[0;32m  OK  [0m] Started Daily Cleanup of Temporary Directories.
[[0;32m  OK  [0m] Listening on UUID daemon activation socket.
[[0;32m  OK  [0m] Started ACPI Events Check.
[[0;32m  OK  [0m] Reached target Paths.
[[0;32m  OK  [0m] Started Daily apt download activities.
[[0;32m  OK  [0m] Started Daily apt upgrade and clean activities.
[[0;32m  OK  [0m] Reached target Timers.
[[0;32m  OK  [0m] Reached target Network is Online.
         Starting iSCSI initiator daemon (iscsid)...
[[0;32m  OK  [0m] Listening on LXD - unix socket.
[[0;32m  OK  [0m] Listening on Socket activation for snappy daemon.
[[0;32m  OK  [0m] Reached target Sockets.
[[0;32m  OK  [0m] Reached target Basic System.
         Starting Apply the settings specified in cloud-config...
         Starting /etc/rc.local Compatibility...
         Starting LSB: Record successful boot for GRUB...
         Starting LSB: MD monitoring daemon...
[[0;32m  OK  [0m] Started Unattended Upgrades Shutdown.
         Starting Accounts Service...
[[0;32m  OK  [0m] Started D-Bus System Message Bus.
         Starting Snappy daemon...
[[0;32m  OK  [0m] Started Deferred execution scheduler.
[[0;32m  OK  [0m] Started Regular background program processing daemon.
[[0;32m  OK  [0m] Started FUSE filesystem for LXC.
         Starting System Logging Service...
[   22.667035] cloud-init[996]: Cloud-init v. 18.2 running 'modules:config' at Wed, 15 Aug 2018 19:30:33 +0000. Up 22.31 seconds.
         Starting Login Service...
         Starting OpenBSD Secure Shell server...
[[0;32m  OK  [0m] Started ACPI event daemon.
         Starting vboxadd.service...
         Starting MySQL Community Server...
         Starting LXD - container startup/shutdown...
[[0;32m  OK  [0m] Started Apply the settings specified in cloud-config.
[[0;32m  OK  [0m] Started /etc/rc.local Compatibility.
         Starting Authenticate and Authorize Users to Run Privileged Tasks...
[[0;32m  OK  [0m] Started LSB: Record successful boot for GRUB.
[[0;32m  OK  [0m] Started Login Service.
[[0;32m  OK  [0m] Started LSB: MD monitoring daemon.
[[0;32m  OK  [0m] Started Authenticate and Authorize Users to Run Privileged Tasks.
[[0;32m  OK  [0m] Started Accounts Service.
[[0;32m  OK  [0m] Started iSCSI initiator daemon (iscsid).
         Starting Login to default iSCSI targets...
[[0;32m  OK  [0m] Started System Logging Service.
[[0;32m  OK  [0m] Started Login to default iSCSI targets.
[[0;32m  OK  [0m] Reached target Remote File Systems (Pre).
[[0;32m  OK  [0m] Reached target Remote File Systems.
         Starting Permit User Sessions...
         Starting LSB: Set the CPU Frequency Scaling governor to "ondemand"...
         Starting LSB: daemon to balance interrupts for SMP systems...
         Starting LSB: automatic crash report generation...
[[0;32m  OK  [0m] Started LSB: Set the CPU Frequency Scaling governor to "ondemand".
[[0;32m  OK  [0m] Started Permit User Sessions.
         Starting Hold until boot process finishes up...
         Starting Terminate Plymouth Boot Screen...
[[0;32m  OK  [0m] Started Hold until boot process finishes up.
[[0;32m  OK  [0m] Started Terminate Plymouth Boot Screen.
[[0;32m  OK  [0m] Started Serial Getty on ttyS0.
[[0;32m  OK  [0m] Started Getty on tty1.
[[0;32m  OK  [0m] Reached target Login Prompts.
         Starting Set console scheme...
[[0;32m  OK  [0m] Started LSB: daemon to balance interrupts for SMP systems.
[[0;32m  OK  [0m] Started Set console scheme.
[[0;32m  OK  [0m] Started LSB: automatic crash report generation.
[[0;32m  OK  [0m] Started OpenBSD Secure Shell server.
[[0;32m  OK  [0m] Started vboxadd.service.
         Starting vboxadd-service.service...
[[0;32m  OK  [0m] Created slice User Slice of vagrant.
         Starting User Manager for UID 1000...
[[0;32m  OK  [0m] Started vboxadd-service.service.
[[0;32m  OK  [0m] Started Session 1 of user vagrant.
[[0;32m  OK  [0m] Started User Manager for UID 1000.
[[0;32m  OK  [0m] Started Snappy daemon.
         Starting Wait until snapd is fully seeded...
[[0;32m  OK  [0m] Started LXD - container startup/shutdown.
[[0;32m  OK  [0m] Started Wait until snapd is fully seeded.

Ubuntu 16.04.5 LTS ubuntu-xenial ttyS0

ubuntu-xenial login: [   33.282752] cloud-init[2230]: Cloud-init v. 18.2 running 'modules:final' at Wed, 15 Aug 2018 19:30:43 +0000. Up 32.27 seconds.
[   33.283232] cloud-init[2230]: Cloud-init v. 18.2 finished at Wed, 15 Aug 2018 19:30:44 +0000. Datasource DataSourceNoCloud [seed=/dev/sdb][dsmode=net].  Up 33.27 seconds
